[0m19:12:25  Running with dbt=1.9.8
[0m19:12:25  Registered adapter: snowflake=1.9.1
[0m19:12:25  Found 4 operations, 18 models, 103 data tests, 3 seeds, 9 sources, 768 macros
[0m19:12:25  
[0m19:12:25  Concurrency: 4 threads (target='rustice')
[0m19:12:25  
[0m19:12:30  1 of 2 START hook: test_snowplow_web.on-run-start.0 ............................ [RUN]
[0m19:12:30  1 of 2 OK hook: test_snowplow_web.on-run-start.0 ............................... [[32mOK[0m in 0.01s]
[0m19:12:30  2 of 2 START hook: snowplow_web.on-run-start.1 ................................. [RUN]
[0m19:12:30  2 of 2 OK hook: snowplow_web.on-run-start.1 .................................... [[32mOK[0m in 0.00s]
[0m19:12:30  
[0m19:12:30  1 of 18 START sql table model public_snowplow_manifest_snowplow_manifest.snowplow_web_base_quarantined_sessions  [RUN]
[0m19:12:30  2 of 18 START sql table model public_snowplow_manifest_snowplow_manifest.snowplow_web_incremental_manifest  [RUN]
[0m19:12:30  1 of 18 OK created sql table model public_snowplow_manifest_snowplow_manifest.snowplow_web_base_quarantined_sessions  [[32m02000 1[0m in 0.05s]
[0m19:12:30  2 of 18 OK created sql table model public_snowplow_manifest_snowplow_manifest.snowplow_web_incremental_manifest  [[32m02000 1[0m in 0.05s]
[0m19:12:30  3 of 18 START sql table model public_snowplow_manifest_scratch.snowplow_web_base_new_event_limits  [RUN]
[0m19:12:30  12:12:30 + Snowplow: No data in manifest. Processing data from start_date
[0m19:12:31  12:12:31 + Snowplow: Processing data between '2026-04-01 00:00:00' and '2026-04-29 19:12:30' (snowplow_web)
[0m19:12:31  3 of 18 OK created sql table model public_snowplow_manifest_scratch.snowplow_web_base_new_event_limits  [[32m02000 1[0m in 0.05s]
[0m19:12:31  4 of 18 START sql table model public_snowplow_manifest_snowplow_manifest.snowplow_web_base_sessions_lifecycle_manifest  [RUN]
[0m19:12:36  4 of 18 OK created sql table model public_snowplow_manifest_snowplow_manifest.snowplow_web_base_sessions_lifecycle_manifest  [[32m02000 1[0m in 5.12s]
[0m19:12:36  5 of 18 START sql table model public_snowplow_manifest_scratch.snowplow_web_base_sessions_this_run  [RUN]
[0m19:12:36  5 of 18 OK created sql table model public_snowplow_manifest_scratch.snowplow_web_base_sessions_this_run  [[32m02000 1[0m in 0.05s]
[0m19:12:36  6 of 18 START sql table model public_snowplow_manifest_scratch.snowplow_web_base_events_this_run  [RUN]
[0m19:12:36  6 of 18 OK created sql table model public_snowplow_manifest_scratch.snowplow_web_base_events_this_run  [[32m02000 1[0m in 0.19s]
[0m19:12:36  8 of 18 START sql table model public_snowplow_manifest_scratch.snowplow_web_pv_scroll_depth  [RUN]
[0m19:12:36  7 of 18 START sql table model public_snowplow_manifest_scratch.snowplow_web_pv_engaged_time  [RUN]
[0m19:12:36  9 of 18 START sql table model public_snowplow_manifest_scratch.snowplow_web_sessions_this_run  [RUN]
[0m19:12:36  10 of 18 START sql table model public_snowplow_manifest_derived.snowplow_web_user_mapping  [RUN]
[0m19:12:36  10 of 18 OK created sql table model public_snowplow_manifest_derived.snowplow_web_user_mapping  [[32m02000 1[0m in 0.07s]
[0m19:12:36  7 of 18 OK created sql table model public_snowplow_manifest_scratch.snowplow_web_pv_engaged_time  [[32m02000 1[0m in 0.08s]
[0m19:12:36  8 of 18 OK created sql table model public_snowplow_manifest_scratch.snowplow_web_pv_scroll_depth  [[32m02000 1[0m in 0.09s]
[0m19:12:36  11 of 18 START sql table model public_snowplow_manifest_scratch.snowplow_web_page_views_this_run  [RUN]
[0m19:12:36  9 of 18 OK created sql table model public_snowplow_manifest_scratch.snowplow_web_sessions_this_run  [[32m02000 1[0m in 0.23s]
[0m19:12:36  12 of 18 START sql table model public_snowplow_manifest_derived.snowplow_web_sessions  [RUN]
[0m19:12:36  11 of 18 OK created sql table model public_snowplow_manifest_scratch.snowplow_web_page_views_this_run  [[32m02000 1[0m in 0.15s]
[0m19:12:36  13 of 18 START sql table model public_snowplow_manifest_derived.snowplow_web_page_views  [RUN]
[0m19:12:36  13 of 18 OK created sql table model public_snowplow_manifest_derived.snowplow_web_page_views  [[32m02000 1[0m in 0.04s]
[0m19:12:36  12 of 18 OK created sql table model public_snowplow_manifest_derived.snowplow_web_sessions  [[32m02000 1[0m in 0.05s]
[0m19:12:36  14 of 18 START sql table model public_snowplow_manifest_scratch.snowplow_web_users_sessions_this_run  [RUN]
[0m19:12:36  14 of 18 OK created sql table model public_snowplow_manifest_scratch.snowplow_web_users_sessions_this_run  [[32m02000 1[0m in 0.03s]
[0m19:12:36  15 of 18 START sql table model public_snowplow_manifest_scratch.snowplow_web_users_aggs  [RUN]
[0m19:12:36  15 of 18 OK created sql table model public_snowplow_manifest_scratch.snowplow_web_users_aggs  [[32m02000 1[0m in 0.02s]
[0m19:12:36  16 of 18 START sql table model public_snowplow_manifest_scratch.snowplow_web_users_lasts  [RUN]
[0m19:12:36  16 of 18 OK created sql table model public_snowplow_manifest_scratch.snowplow_web_users_lasts  [[32m02000 1[0m in 0.02s]
[0m19:12:36  17 of 18 START sql table model public_snowplow_manifest_scratch.snowplow_web_users_this_run  [RUN]
[0m19:12:36  17 of 18 OK created sql table model public_snowplow_manifest_scratch.snowplow_web_users_this_run  [[32m02000 1[0m in 0.03s]
[0m19:12:36  18 of 18 START sql table model public_snowplow_manifest_derived.snowplow_web_users  [RUN]
[0m19:12:36  18 of 18 OK created sql table model public_snowplow_manifest_derived.snowplow_web_users  [[32m02000 1[0m in 0.03s]
[0m19:12:36  
[0m19:12:36  1 of 2 START hook: test_snowplow_web.on-run-end.0 .............................. [RUN]
[0m19:12:41  1 of 2 OK hook: test_snowplow_web.on-run-end.0 ................................. [[32mOK[0m in 5.10s]
[0m19:12:41  2 of 2 START hook: snowplow_web.on-run-end.1 ................................... [RUN]
[0m19:12:41  2 of 2 OK hook: snowplow_web.on-run-end.1 ...................................... [[32mOK[0m in 0.04s]
[0m19:12:41  
[0m19:12:41  Finished running 4 project hooks, 18 table models in 0 hours 0 minutes and 16.24 seconds (16.24s).
[0m19:12:42  
[0m19:12:42  [32mCompleted successfully[0m
[0m19:12:42  
[0m19:12:42  Done. PASS=22 WARN=0 ERROR=0 SKIP=0 TOTAL=22
